Arguments: 
  C:\Program Files\nodejs\node.exe C:\Users\Viet\AppData\Roaming\npm\node_modules\yarn\bin\yarn.js install --silent

PATH: 
  C:\Users\Viet\AppData\Roaming\npm-cache\_npx\15460;C:\WINDOWS\system32;C:\WINDOWS;C:\WINDOWS\System32\Wbem;C:\WINDOWS\System32\WindowsPowerShell\v1.0\;C:\WINDOWS\System32\OpenSSH\;C:\Program Files\nodejs\;C:\Program Files\Git\cmd;C:\Users\Viet\AppData\Local\Yarn\bin;C:\ProgramData\chocolatey\bin;C:\Program Files\dotnet\;C:\Users\Viet\scoop\shims;C:\Users\Viet\AppData\Local\Microsoft\WindowsApps;C:\Users\Viet\AppData\Roaming\npm;C:\Users\Viet\AppData\Local\Programs\Microsoft VS Code\bin;C:\Program Files\heroku\bin;C:\Program Files\Java\jdk1.8.0_45\bin;C:\Users\Viet\go\bin;C:\Users\Viet\.dotnet\tools

Yarn version: 
  1.22.10

Node version: 
  14.17.0

Platform: 
  win32 x64

Trace: 
  Error: connect EHOSTUNREACH 104.16.17.35:443
      at TCPConnectWrap.afterConnect [as oncomplete] (net.js:1146:16)

npm manifest: 
  {
    "name": "ecomerce-website",
    "version": "0.1.0",
    "private": true,
    "scripts": {
      "dev": "next dev",
      "build": "next build",
      "start": "next start",
      "cypress:open": "cypress open",
      "cypress:run": "cypress run --config video=false",
      "cypress:test": "start-server-and-test start http://localhost:3000 cypress:run"
    },
    "dependencies": {
      "next": "^12.1.6",
      "react": "17.0.2",
      "react-dom": "17.0.2",
      "next-compose-plugins": "^2.2.1",
      "@chakra-ui/react": "^1.1.4",
      "@emotion/react": "^11.1.4",
      "@emotion/styled": "^11.0.0",
      "framer-motion": "^3.2.1",
      "recoil": "^0.1.2",
      "next-i18next": "^7.0.1"
    },
    "devDependencies": {
      "@types/node": "^14.14.13",
      "@types/react": "^17.0.0",
      "@types/react-dom": "^17.0.0",
      "typescript": "^4.1.3",
      "@types/recoil": "0.0.1",
      "cypress": "^6.2.1",
      "start-server-and-test": "^1.11.0"
    }
  }

yarn manifest: 
  No manifest

Lockfile: 
  No lockfile
